Dados da pessoa de código 21
Nome: -
Idade: 21 anos
Twitter: helenlamoureux

Segue a pessoa de código: 42
Justificativa para seguir: segue porque é uma celebridade
Começou a seguir em: 2012-09-05
Parou de seguir em: 2029-03-28

Segue a pessoa de código: 63
Justificativa para seguir: segue porque é uma celebridade
Começou a seguir em: 2012-12-22
Parou de seguir em: 2026-12-02

Segue a pessoa de código: 80
Justificativa para seguir: segue porque é uma celebridade
Começou a seguir em: 2013-09-20
Parou de seguir em: 2028-07-02

Segue a pessoa de código: 86
Justificativa para seguir: segue porque é minha amiga
Começou a seguir em: 2011-06-17
Parou de seguir em: 2029-11-29

Segue a pessoa de código: 99
Justificativa para seguir: segue porque é minha amiga
Começou a seguir em: 2012-04-27
Parou de seguir em: 2030-08-06

Segue a pessoa de código: 103
Justificativa para seguir: segue porque é amiga de minha amiga
Começou a seguir em: 2013-10-19
Parou de seguir em: 2027-12-02

Segue a pessoa de código: 108
Justificativa para seguir: segue porque é minha amiga
Começou a seguir em: 2011-06-15
Parou de seguir em: 2027-01-07

Segue a pessoa de código: 121
Justificativa para seguir: segue porque é uma celebridade
Começou a seguir em: 2012-08-16
Parou de seguir em: 2029-03-29

Segue a pessoa de código: 126
Justificativa para seguir: segue porque é uma celebridade
Começou a seguir em: 2012-03-06
Parou de seguir em: 2027-03-07

Segue a pessoa de código: 133
Justificativa para seguir: segue porque é minha amiga
Começou a seguir em: 2014-11-01
Parou de seguir em: 2027-10-01

Segue a pessoa de código: 135
Justificativa para seguir: segue porque é minha amiga
Começou a seguir em: 2013-02-21
Parou de seguir em: 2028-08-09

Segue a pessoa de código: 140
Justificativa para seguir: segue porque é amiga de minha amiga
Começou a seguir em: 2014-11-09
Parou de seguir em: 2028-09-16

Segue a pessoa de código: 146
Justificativa para seguir: segue porque é uma celebridade
Começou a seguir em: 2010-12-07
Parou de seguir em: 2028-12-02

